2020-05-29 14:56:53.523  INFO 632 --- [main] com.jofem.quizmarker.QuizmarkerMVC       : Starting QuizmarkerMVC on DESKTOP-7G61NRP with PID 632 (started by Philip Afemikhe in C:\Users\Philip Afemikhe\IdeaProjects\quizmarkerMVC)
2020-05-29 14:56:53.535  INFO 632 --- [main] com.jofem.quizmarker.QuizmarkerMVC       : No active profile set, falling back to default profiles: default
2020-05-29 14:56:55.518  INFO 632 --- [main] .s.d.r.c.RepositoryConfigurationDelegate : Bootstrapping Spring Data JPA repositories in DEFAULT mode.
2020-05-29 14:56:55.637  INFO 632 --- [main] .s.d.r.c.RepositoryConfigurationDelegate : Finished Spring Data repository scanning in 110ms. Found 4 JPA repository interfaces.
2020-05-29 14:56:55.975  INFO 632 --- [main] trationDelegate$BeanPostProcessorChecker : Bean 'org.springframework.transaction.annotation.ProxyTransactionManagementConfiguration' of type [org.springframework.transaction.annotation.ProxyTransactionManagementConfiguration] is not eligible for getting processed by all BeanPostProcessors (for example: not eligible for auto-proxying)
2020-05-29 14:56:56.034  INFO 632 --- [main] trationDelegate$BeanPostProcessorChecker : Bean 'org.springframework.security.config.annotation.configuration.ObjectPostProcessorConfiguration' of type [org.springframework.security.config.annotation.configuration.ObjectPostProcessorConfiguration] is not eligible for getting processed by all BeanPostProcessors (for example: not eligible for auto-proxying)
2020-05-29 14:56:56.037  INFO 632 --- [main] trationDelegate$BeanPostProcessorChecker : Bean 'objectPostProcessor' of type [org.springframework.security.config.annotation.configuration.AutowireBeanFactoryObjectPostProcessor] is not eligible for getting processed by all BeanPostProcessors (for example: not eligible for auto-proxying)
2020-05-29 14:56:56.040  INFO 632 --- [main] trationDelegate$BeanPostProcessorChecker : Bean 'org.springframework.security.access.expression.method.DefaultMethodSecurityExpressionHandler@408613cc' of type [org.springframework.security.access.expression.method.DefaultMethodSecurityExpressionHandler] is not eligible for getting processed by all BeanPostProcessors (for example: not eligible for auto-proxying)
2020-05-29 14:56:56.041  INFO 632 --- [main] trationDelegate$BeanPostProcessorChecker : Bean 'org.springframework.security.config.annotation.method.configuration.GlobalMethodSecurityConfiguration' of type [org.springframework.security.config.annotation.method.configuration.GlobalMethodSecurityConfiguration] is not eligible for getting processed by all BeanPostProcessors (for example: not eligible for auto-proxying)
2020-05-29 14:56:56.046  INFO 632 --- [main] trationDelegate$BeanPostProcessorChecker : Bean 'methodSecurityMetadataSource' of type [org.springframework.security.access.method.DelegatingMethodSecurityMetadataSource] is not eligible for getting processed by all BeanPostProcessors (for example: not eligible for auto-proxying)
2020-05-29 14:56:56.318  INFO 632 --- [main] o.s.b.w.embedded.tomcat.TomcatWebServer  : Tomcat initialized with port(s): 8080 (http)
2020-05-29 14:56:56.329  INFO 632 --- [main] o.apache.catalina.core.StandardService   : Starting service [Tomcat]
2020-05-29 14:56:56.330  INFO 632 --- [main] org.apache.catalina.core.StandardEngine  : Starting Servlet engine: [Apache Tomcat/9.0.30]
2020-05-29 14:56:56.501  INFO 632 --- [main] o.a.c.c.C.[Tomcat].[localhost].[/]       : Initializing Spring embedded WebApplicationContext
2020-05-29 14:56:56.501  INFO 632 --- [main] o.s.web.context.ContextLoader            : Root WebApplicationContext: initialization completed in 2819 ms
2020-05-29 14:56:56.685  INFO 632 --- [main] o.hibernate.jpa.internal.util.LogHelper  : HHH000204: Processing PersistenceUnitInfo [name: default]
2020-05-29 14:56:56.760  INFO 632 --- [main] org.hibernate.Version                    : HHH000412: Hibernate Core {5.4.10.Final}
2020-05-29 14:56:56.895  INFO 632 --- [main] o.hibernate.annotations.common.Version   : HCANN000001: Hibernate Commons Annotations {5.1.0.Final}
2020-05-29 14:56:57.236  INFO 632 --- [main] org.hibernate.dialect.Dialect            : HHH000400: Using dialect: org.hibernate.dialect.MySQL5Dialect
2020-05-29 14:56:58.772  INFO 632 --- [main] o.h.e.t.j.p.i.JtaPlatformInitiator       : HHH000490: Using JtaPlatform implementation: [org.hibernate.engine.transaction.jta.platform.internal.NoJtaPlatform]
2020-05-29 14:56:58.793  INFO 632 --- [main] j.LocalContainerEntityManagerFactoryBean : Initialized JPA EntityManagerFactory for persistence unit 'default'
2020-05-29 14:56:59.799  INFO 632 --- [main] f.a.AutowiredAnnotationBeanPostProcessor : Autowired annotation should only be used on methods with parameters: public org.springframework.jdbc.core.JdbcTemplate com.jofem.quizmarker.config.tenantDao.TenantDataAccessObject.setDataSource()
2020-05-29 14:56:59.850  INFO 632 --- [main] com.zaxxer.hikari.HikariDataSource       : HikariPool-1 - Starting...
2020-05-29 14:56:59.868  INFO 632 --- [main] com.zaxxer.hikari.HikariDataSource       : HikariPool-1 - Start completed.
2020-05-29 14:56:59.905  INFO 632 --- [main] com.zaxxer.hikari.HikariDataSource       : HikariPool-2 - Starting...
2020-05-29 14:56:59.913  INFO 632 --- [main] com.zaxxer.hikari.HikariDataSource       : HikariPool-2 - Start completed.
2020-05-29 14:56:59.982  WARN 632 --- [main] JpaBaseConfiguration$JpaWebConfiguration : spring.jpa.open-in-view is enabled by default. Therefore, database queries may be performed during view rendering. Explicitly configure spring.jpa.open-in-view to disable this warning
2020-05-29 14:57:00.504  INFO 632 --- [main] o.s.s.web.DefaultSecurityFilterChain     : Creating filter chain: any request, [org.springframework.security.web.context.request.async.WebAsyncManagerIntegrationFilter@6e239337, org.springframework.security.web.context.SecurityContextPersistenceFilter@15e08615, org.springframework.security.web.header.HeaderWriterFilter@40f1aa95, org.springframework.security.web.csrf.CsrfFilter@6aad919c, org.springframework.security.web.authentication.logout.LogoutFilter@4276ad40, org.springframework.security.web.authentication.UsernamePasswordAuthenticationFilter@3df77dfa, org.springframework.security.web.savedrequest.RequestCacheAwareFilter@7e2bc2f4, org.springframework.security.web.servletapi.SecurityContextHolderAwareRequestFilter@456aa471, org.springframework.security.web.authentication.rememberme.RememberMeAuthenticationFilter@1ccdc7aa, org.springframework.security.web.authentication.AnonymousAuthenticationFilter@7996d0d4, org.springframework.security.web.session.SessionManagementFilter@14be750c, org.springframework.security.web.access.ExceptionTranslationFilter@5112b7, org.springframework.security.web.access.intercept.FilterSecurityInterceptor@3dde5f38]
2020-05-29 14:57:00.764  INFO 632 --- [main] o.s.b.w.embedded.tomcat.TomcatWebServer  : Tomcat started on port(s): 8080 (http) with context path ''
2020-05-29 14:57:00.767  INFO 632 --- [main] com.jofem.quizmarker.QuizmarkerMVC       : Started QuizmarkerMVC in 8.03 seconds (JVM running for 9.272)
2020-05-29 14:57:11.792  INFO 632 --- [http-nio-8080-exec-1] o.a.c.c.C.[Tomcat].[localhost].[/]       : Initializing Spring DispatcherServlet 'dispatcherServlet'
2020-05-29 14:57:11.793  INFO 632 --- [http-nio-8080-exec-1] o.s.web.servlet.DispatcherServlet        : Initializing Servlet 'dispatcherServlet'
2020-05-29 14:57:11.821  INFO 632 --- [http-nio-8080-exec-1] o.s.web.servlet.DispatcherServlet        : Completed initialization in 28 ms
2020-05-29 14:57:12.345  WARN 632 --- [http-nio-8080-exec-2] o.s.web.servlet.PageNotFound             : No mapping for GET /css/bootstrap.min.css
2020-05-29 14:57:12.537  WARN 632 --- [http-nio-8080-exec-3] o.s.web.servlet.PageNotFound             : No mapping for GET /favicon.ico
2020-05-29 15:29:30.649  WARN 632 --- [HikariPool-1 housekeeper] com.zaxxer.hikari.pool.HikariPool        : HikariPool-1 - Thread starvation or clock leap detected (housekeeper delta=32m686ms967µs800ns).
2020-05-29 15:29:30.696  WARN 632 --- [HikariPool-2 housekeeper] com.zaxxer.hikari.pool.HikariPool        : HikariPool-2 - Thread starvation or clock leap detected (housekeeper delta=32m688ms797µs700ns).
2020-05-29 15:29:46.414  WARN 632 --- [http-nio-8080-exec-8] o.s.web.servlet.PageNotFound             : No mapping for GET /css/bootstrap.min.css
2020-05-29 15:29:57.048  WARN 632 --- [http-nio-8080-exec-10] o.s.web.servlet.PageNotFound             : No mapping for GET /secure/users/
2020-05-29 15:30:33.423  WARN 632 --- [http-nio-8080-exec-2] o.s.web.servlet.PageNotFound             : No mapping for GET /css/bootstrap.min.css
2020-05-29 15:30:45.509  INFO 632 --- [http-nio-8080-exec-3] com.zaxxer.hikari.HikariDataSource       : HikariPool-3 - Starting...
2020-05-29 15:30:45.514  INFO 632 --- [http-nio-8080-exec-3] com.zaxxer.hikari.HikariDataSource       : HikariPool-3 - Start completed.
2020-05-29 15:30:45.669  WARN 632 --- [http-nio-8080-exec-4] o.s.web.servlet.PageNotFound             : No mapping for GET /tenant/question/css/bootstrap.min.css
